
<!DOCTYPE html>
<html>


<head>
	<meta charset='UTF-8' /> 
	<meta name='description' content='' />
	<meta name='robots' content='noodp, noydir' />
	<meta name='viewport' content='width=device-width, initial-scale=1' />
	<meta id="timeStampFormat" name="timeStampFormat" content='MMM d, yyyy hh:mm:ss a'/>
	
	<link href='https://fonts.googleapis.com/css?family=Source+Sans+Pro:400,600' rel='stylesheet' type='text/css'>
	<link href="https://fonts.googleapis.com/icon?family=Material+Icons" rel="stylesheet">

		<link href='https://cdn.rawgit.com/anshooarora/extentreports-java/bee7a4abdc590e21eec8618a90c81ff4d16e500a/dist/css/extent.css' type='text/css' rel='stylesheet' />
	
	<title>Cucumber Framework</title>

	<style type='text/css'>
			
      
        
      
		
	</style>
</head>

	<body class='extent standard default hide-overflow bdd-report'>
		<div id='theme-selector' alt='Click to toggle theme. To enable by default, use theme configuration.' title='Click to toggle theme. To enable by default, use theme configuration.'>
			<span><i class='material-icons'>desktop_windows</i></span>
		</div>

<nav>
	<div class="nav-wrapper">
		<a href="#!" class="brand-logo blue darken-3">Extent</a>

		<!-- slideout menu -->
		<ul id='slide-out' class='side-nav fixed hide-on-med-and-down'>
			<li class='waves-effect active'><a href='#!' view='test-view' onclick="configureView(0);chartsView('test');"><i class='material-icons'>dashboard</i></a></li>
						<li class='waves-effect'><a href='#!' view='exception-view' onclick="configureView(2)"><i class='material-icons'>bug_report</i></a></li>
			<li class='waves-effect'><a href='#!' onclick="configureView(-1);chartsView('dashboard');" view='dashboard-view'><i class='material-icons'>track_changes</i></i></a></li>
			<li class='waves-effect'><a href='#!' onclick="configureView(-1)" view='testrunner-logs-view'><i class='material-icons'>note</i></a></li>
		</ul>

		<!-- report name -->
		<span class='report-name'>Cucumber Extent Report</span>
		
		<!-- report headline -->
		<span class='report-headline'></span>

		<!-- nav-right -->
		<ul id='nav-mobile' class='right hide-on-med-and-down nav-right'>
			<li>
                <a href='#!'>
                    <span class='label suite-start-time blue darken-3'>Nov 11, 2021 08:46:04 AM</span>
				</a>
			</li>
			<li>
                <a href='#!'>
                    <span class='label blue darken-3'>v3.1.1</span>
				</a>
			</li>
		</ul>
	</div>
</nav>

		<!-- container -->
		<div class='container'>

<div id='test-view' class='view'>
				
	<section id='controls'>
		<div class='controls grey lighten-4'>
			<!-- test toggle -->
			<div class='chip transparent'>
				<a class='dropdown-button tests-toggle' data-activates='tests-toggle' data-constrainwidth='true' data-beloworigin='true' data-hover='true' href='#'>
					<i class='material-icons'>warning</i> Status
				</a>
				<ul id='tests-toggle' class='dropdown-content'>
											<li status='pass'><a href='#!'>Pass <i class='material-icons green-text'>check_circle</i></a></li>
						<li status='fail'><a href='#!'>Fail <i class='material-icons red-text'>cancel</i></a></li>
						<li status='skip'><a href='#!'>Skip <i class='material-icons cyan-text'>redo</i></a></li>
					<li class='divider'></li>
					<li status='clear' clear='true'><a href='#!'>Clear Filters <i class='material-icons'>clear</i></a></li>
				</ul>
			</div>
			<!-- test toggle -->

			<!-- category toggle -->
			<!-- category toggle -->

			<!-- clear filters -->
			<div class='chip transparent hide'>
				<a class='' id='clear-filters' alt='Clear Filters' title='Clear Filters'>
					<i class='material-icons'>close</i> Clear
				</a>
			</div>
			<!-- clear filters -->

			<!-- enable dashboard -->
			<div id='toggle-test-view-charts' class='chip transparent'>
				<a class='pink-text' id='enable-dashboard' alt='Enable Dashboard' title='Enable Dashboard'>
					<i class='material-icons'>track_changes</i> Dashboard
				</a>
			</div>
			<!-- enable dashboard -->

			<!-- search -->
			<div class='chip transparent' alt='Search Tests' title='Search Tests'>
				<a href="#" class='search-div'>
					<i class='material-icons'>search</i> Search
				</a>

				<div class='input-field left hide'>
					<input id='search-tests' type='text' class='validate browser-default' placeholder='Search Tests...'>
				</div>
				
			</div>
			<!-- search -->
		</div>
	</section>


<div id='test-view-charts' class='subview-full'>
	<div id='charts-row' class='row nm-v nm-h'>
		<div class='col s12 m4 l4 np-h'>
			<div class='card-panel nm-v'>
				<div class='left panel-name'>Features</div>
				<div class='chart-box'>
					<canvas id='parent-analysis' width='100' height='80'></canvas>
				</div>
				<div class='block text-small'>
					<span class='tooltipped' data-position='top' data-tooltip='0%'><span class='strong'>0</span> feature(s) passed</span>
				</div>
				<div class='block text-small'>
					<span class='strong tooltipped' data-position='top' data-tooltip='100%'>1</span> feature(s) failed, <span class='strong tooltipped' data-position='top' data-tooltip='0%'>0</span> others
				</div>
			</div>
		</div>
		
		<div class='col s12 m4 l4 np-h'>
			<div class='card-panel nm-v'>
				<div class='left panel-name'>Scenarios</div>
				<div class='chart-box'>
					<canvas id='child-analysis' width='100' height='80'></canvas>
				</div>
				<div class='block text-small'>
					<span class='tooltipped' data-position='top' data-tooltip='0%'><span class='strong'>0</span> scenario(s) passed</span>
				</div>
				<div class='block text-small'>
					<span class='strong tooltipped' data-position='top' data-tooltip='100%'>9</span> scenario(s) failed, <span class='strong tooltipped' data-position='top' data-tooltip='0%'>0</span> others
				</div>
			</div>
		</div>
		
		<div class='col s12 m4 l4 np-h'>
			<div class='card-panel nm-v'>
				<div class='left panel-name'>Steps</div>
				<div class='chart-box'>
					<canvas id='grandchild-analysis' width='100' height='80'></canvas>
				</div>
				<div class='block text-small'>
					<span class='tooltipped' data-position='top' data-tooltip='55.319%'><span class='strong'>26</span> step(s) passed</span>
				</div>
				<div class='block text-small'>
					<span class='strong tooltipped' data-position='top' data-tooltip='19.149%'>9</span> step(s) failed, <span class='strong tooltipped' data-position='top' data-tooltip='25.532%'>12</span> others
				</div>
			</div>
		</div>
	</div>
</div>

	<div class='subview-left left'>
		
		<div class='view-summary'>
			<h5>Features</h5>
			<ul id='test-collection' class='test-collection'>
				
				
				<li class='test displayed active has-leaf fail' status='fail' bdd='true' test-id='1'>
					<div class='test-heading'>
						<span class='test-name'>Calculator Functional Test</span>
						<span class='test-time'>Nov 11, 2021 08:46:04 AM</span>
						<span class='test-status right fail'>fail</span>
					</div>
					<div class='test-content hide'>
<div class='scenariooutline node' test-id='2' status='fail'>
	<span class='duration right label'>0h 0m 3s+888ms</span>
	<div class='desc'>
		<b>ScenarioOutline</b>
		<span class="desc-text">Addition of two number completed correctly</span>
	</div>
	<ul class='steps'>
		<li test-id='3' class='node scenario fail' status='fail'>
			
			<b>Scenario</b>
			
			<span class="bdd-step-name">Addition of two number completed correctly</span>
			
				<ul class='steps'>
					<li test-id='4' class='node given fail' status='fail'><b>Given</b>
						<span class="bdd-step-name">Given calculator app is up and running</span>
							<div class='pre'><pre>org.openqa.selenium.InvalidArgumentException: invalid argument
  (Session info: chrome=95.0.4638.69)
Build info: version: '3.141.59', revision: 'e82be7d358', time: '2018-11-14T08:17:03'
System info: host: 'LAPTOP-NQ28SJGQ', ip: '172.27.96.1', os.name: 'Windows 10', os.arch: 'amd64', os.version: '10.0', java.version: '1.8.0_251'
Driver info: org.openqa.selenium.chrome.ChromeDriver
Capabilities {acceptInsecureCerts: false, browserName: chrome, browserVersion: 95.0.4638.69, chrome: {chromedriverVersion: 95.0.4638.69 (6a1600ed572fe..., userDataDir: C:\Users\mrman\AppData\Loca...}, goog:chromeOptions: {debuggerAddress: localhost:64190}, javascriptEnabled: true, networkConnectionEnabled: false, pageLoadStrategy: normal, platform: WINDOWS, platformName: WINDOWS, proxy: Proxy(), setWindowRect: true, strictFileInteractability: false, timeouts: {implicit: 0, pageLoad: 300000, script: 30000}, unhandledPromptBehavior: dismiss and notify, webauthn:extension:credBlob: true, webauthn:extension:largeBlob: true, webauthn:virtualAuthenticators: true}
Session ID: 6eba5dc5e322bd834f917f267855c2b4
	at sun.reflect.NativeConstructorAccessorImpl.newInstance0(Native Method)
	at sun.reflect.NativeConstructorAccessorImpl.newInstance(Unknown Source)
	at sun.reflect.DelegatingConstructorAccessorImpl.newInstance(Unknown Source)
	at java.lang.reflect.Constructor.newInstance(Unknown Source)
	at org.openqa.selenium.remote.http.W3CHttpResponseCodec.createException(W3CHttpResponseCodec.java:187)
	at org.openqa.selenium.remote.http.W3CHttpResponseCodec.decode(W3CHttpResponseCodec.java:122)
	at org.openqa.selenium.remote.http.W3CHttpResponseCodec.decode(W3CHttpResponseCodec.java:49)
	at org.openqa.selenium.remote.HttpCommandExecutor.execute(HttpCommandExecutor.java:158)
	at org.openqa.selenium.remote.service.DriverCommandExecutor.execute(DriverCommandExecutor.java:83)
	at org.openqa.selenium.remote.RemoteWebDriver.execute(RemoteWebDriver.java:552)
	at org.openqa.selenium.remote.RemoteWebDriver.get(RemoteWebDriver.java:277)
	at sun.reflect.NativeMethodAccessorImpl.invoke0(Native Method)
	at sun.reflect.NativeMethodAccessorImpl.invoke(Unknown Source)
	at sun.reflect.DelegatingMethodAccessorImpl.invoke(Unknown Source)
	at java.lang.reflect.Method.invoke(Unknown Source)
	at org.openqa.selenium.support.events.EventFiringWebDriver.lambda$new$1(EventFiringWebDriver.java:105)
	at com.sun.proxy.$Proxy20.get(Unknown Source)
	at org.openqa.selenium.support.events.EventFiringWebDriver.get(EventFiringWebDriver.java:165)
	at com.calculator.testBase.TestBase.initialization(TestBase.java:87)
	at com.calculator.testSteps.CalculatorSteps.calculator_app_is_up_and_running(CalculatorSteps.java:24)
	at ?.Given calculator app is up and running(src/test/java/com/calculator/tests/calculatorTest.feature:5)
</pre></div>
					</li>
					<li test-id='5' class='node given skip' status='skip'><b>Given</b>
						<span class="bdd-step-name">Given I want perfrom mathematical operation with "2"</span>
							<div class='pre'>skipped</div>
					</li>
					<li test-id='6' class='node and skip' status='skip'><b>And</b>
						<span class="bdd-step-name">And I want perfrom mathematical operation with "3"</span>
							<div class='pre'>skipped</div>
					</li>
					<li test-id='7' class='node when skip' status='skip'><b>When</b>
						<span class="bdd-step-name">When i perform addition</span>
							<div class='pre'>skipped</div>
					</li>
					<li test-id='8' class='node then skip' status='skip'><b>Then</b>
						<span class="bdd-step-name">Then addition result displayed correctly</span>
							<div class='pre'>skipped</div>
					</li>
				</ul>
		</li>
		<li test-id='9' class='node scenario fail' status='fail'>
			
			<b>Scenario</b>
			
			<span class="bdd-step-name">Addition of two number completed correctly</span>
			
				<ul class='steps'>
					<li test-id='10' class='node given pass' status='pass'><b>Given</b>
						<span class="bdd-step-name">Given calculator app is up and running</span>
							<div class='pre'>passed</div>
					</li>
					<li test-id='11' class='node given pass' status='pass'><b>Given</b>
						<span class="bdd-step-name">Given I want perfrom mathematical operation with "2"</span>
							<div class='pre'>passed</div>
					</li>
					<li test-id='12' class='node and pass' status='pass'><b>And</b>
						<span class="bdd-step-name">And I want perfrom mathematical operation with "3"</span>
							<div class='pre'>passed</div>
					</li>
					<li test-id='13' class='node when fail' status='fail'><b>When</b>
						<span class="bdd-step-name">When i perform addition</span>
							<div class='pre'><pre>java.lang.NullPointerException
	at org.openqa.selenium.support.pagefactory.DefaultElementLocator.findElements(DefaultElementLocator.java:85)
	at org.openqa.selenium.support.pagefactory.internal.LocatingElementListHandler.invoke(LocatingElementListHandler.java:36)
	at com.sun.proxy.$Proxy18.size(Unknown Source)
	at com.calculator.pages.CalculatorPage.lambda$1(CalculatorPage.java:52)
	at java.util.stream.ForEachOps$ForEachOp$OfRef.accept(Unknown Source)
	at java.util.stream.IntPipeline$4$1.accept(Unknown Source)
	at java.lang.CharSequence$1CharIterator.forEachRemaining(Unknown Source)
	at java.util.Spliterators$IntIteratorSpliterator.forEachRemaining(Unknown Source)
	at java.util.Spliterator$OfInt.forEachRemaining(Unknown Source)
	at java.util.stream.AbstractPipeline.copyInto(Unknown Source)
	at java.util.stream.AbstractPipeline.wrapAndCopyInto(Unknown Source)
	at java.util.stream.ForEachOps$ForEachOp.evaluateSequential(Unknown Source)
	at java.util.stream.ForEachOps$ForEachOp$OfRef.evaluateSequential(Unknown Source)
	at java.util.stream.AbstractPipeline.evaluate(Unknown Source)
	at java.util.stream.ReferencePipeline.forEach(Unknown Source)
	at com.calculator.pages.CalculatorPage.selectANumber(CalculatorPage.java:49)
	at com.calculator.testSteps.CalculatorSteps.i_perform_addition(CalculatorSteps.java:35)
	at ?.When i perform addition(src/test/java/com/calculator/tests/calculatorTest.feature:10)
</pre></div>
					</li>
					<li test-id='14' class='node then skip' status='skip'><b>Then</b>
						<span class="bdd-step-name">Then addition result displayed correctly</span>
							<div class='pre'>skipped</div>
					</li>
				</ul>
		</li>
	</ul>
</div>
<div class='scenariooutline node' test-id='15' status='fail'>
	<span class='duration right label'>0h 0m 0s+28ms</span>
	<div class='desc'>
		<b>ScenarioOutline</b>
		<span class="desc-text">substraction of two number completed correctly</span>
	</div>
	<ul class='steps'>
		<li test-id='16' class='node scenario fail' status='fail'>
			
			<b>Scenario</b>
			
			<span class="bdd-step-name">substraction of two number completed correctly</span>
			
				<ul class='steps'>
					<li test-id='17' class='node given pass' status='pass'><b>Given</b>
						<span class="bdd-step-name">Given calculator app is up and running</span>
							<div class='pre'>passed</div>
					</li>
					<li test-id='18' class='node given pass' status='pass'><b>Given</b>
						<span class="bdd-step-name">Given I want perfrom mathematical operation with "2"</span>
							<div class='pre'>passed</div>
					</li>
					<li test-id='19' class='node and pass' status='pass'><b>And</b>
						<span class="bdd-step-name">And I want perfrom mathematical operation with "3"</span>
							<div class='pre'>passed</div>
					</li>
					<li test-id='20' class='node and pass' status='pass'><b>And</b>
						<span class="bdd-step-name">And I want perfrom mathematical operation with "23"</span>
							<div class='pre'>passed</div>
					</li>
					<li test-id='21' class='node when fail' status='fail'><b>When</b>
						<span class="bdd-step-name">When i perform substraction</span>
							<div class='pre'><pre>java.lang.NullPointerException
	at org.openqa.selenium.support.pagefactory.DefaultElementLocator.findElements(DefaultElementLocator.java:85)
	at org.openqa.selenium.support.pagefactory.internal.LocatingElementListHandler.invoke(LocatingElementListHandler.java:36)
	at com.sun.proxy.$Proxy18.size(Unknown Source)
	at com.calculator.pages.CalculatorPage.lambda$1(CalculatorPage.java:52)
	at java.util.stream.ForEachOps$ForEachOp$OfRef.accept(Unknown Source)
	at java.util.stream.IntPipeline$4$1.accept(Unknown Source)
	at java.lang.CharSequence$1CharIterator.forEachRemaining(Unknown Source)
	at java.util.Spliterators$IntIteratorSpliterator.forEachRemaining(Unknown Source)
	at java.util.Spliterator$OfInt.forEachRemaining(Unknown Source)
	at java.util.stream.AbstractPipeline.copyInto(Unknown Source)
	at java.util.stream.AbstractPipeline.wrapAndCopyInto(Unknown Source)
	at java.util.stream.ForEachOps$ForEachOp.evaluateSequential(Unknown Source)
	at java.util.stream.ForEachOps$ForEachOp$OfRef.evaluateSequential(Unknown Source)
	at java.util.stream.AbstractPipeline.evaluate(Unknown Source)
	at java.util.stream.ReferencePipeline.forEach(Unknown Source)
	at com.calculator.pages.CalculatorPage.selectANumber(CalculatorPage.java:49)
	at com.calculator.testSteps.CalculatorSteps.i_perform_substraction(CalculatorSteps.java:45)
	at ?.When i perform substraction(src/test/java/com/calculator/tests/calculatorTest.feature:22)
</pre></div>
					</li>
					<li test-id='22' class='node then skip' status='skip'><b>Then</b>
						<span class="bdd-step-name">Then substraction result displayed correctly</span>
							<div class='pre'>skipped</div>
					</li>
				</ul>
		</li>
		<li test-id='23' class='node scenario fail' status='fail'>
			
			<b>Scenario</b>
			
			<span class="bdd-step-name">substraction of two number completed correctly</span>
			
				<ul class='steps'>
					<li test-id='24' class='node given pass' status='pass'><b>Given</b>
						<span class="bdd-step-name">Given calculator app is up and running</span>
							<div class='pre'>passed</div>
					</li>
					<li test-id='25' class='node given pass' status='pass'><b>Given</b>
						<span class="bdd-step-name">Given I want perfrom mathematical operation with "2"</span>
							<div class='pre'>passed</div>
					</li>
					<li test-id='26' class='node and pass' status='pass'><b>And</b>
						<span class="bdd-step-name">And I want perfrom mathematical operation with "3"</span>
							<div class='pre'>passed</div>
					</li>
					<li test-id='27' class='node and pass' status='pass'><b>And</b>
						<span class="bdd-step-name">And I want perfrom mathematical operation with "34"</span>
							<div class='pre'>passed</div>
					</li>
					<li test-id='28' class='node when fail' status='fail'><b>When</b>
						<span class="bdd-step-name">When i perform substraction</span>
							<div class='pre'><pre>java.lang.NullPointerException
	at org.openqa.selenium.support.pagefactory.DefaultElementLocator.findElements(DefaultElementLocator.java:85)
	at org.openqa.selenium.support.pagefactory.internal.LocatingElementListHandler.invoke(LocatingElementListHandler.java:36)
	at com.sun.proxy.$Proxy18.size(Unknown Source)
	at com.calculator.pages.CalculatorPage.lambda$1(CalculatorPage.java:52)
	at java.util.stream.ForEachOps$ForEachOp$OfRef.accept(Unknown Source)
	at java.util.stream.IntPipeline$4$1.accept(Unknown Source)
	at java.lang.CharSequence$1CharIterator.forEachRemaining(Unknown Source)
	at java.util.Spliterators$IntIteratorSpliterator.forEachRemaining(Unknown Source)
	at java.util.Spliterator$OfInt.forEachRemaining(Unknown Source)
	at java.util.stream.AbstractPipeline.copyInto(Unknown Source)
	at java.util.stream.AbstractPipeline.wrapAndCopyInto(Unknown Source)
	at java.util.stream.ForEachOps$ForEachOp.evaluateSequential(Unknown Source)
	at java.util.stream.ForEachOps$ForEachOp$OfRef.evaluateSequential(Unknown Source)
	at java.util.stream.AbstractPipeline.evaluate(Unknown Source)
	at java.util.stream.ReferencePipeline.forEach(Unknown Source)
	at com.calculator.pages.CalculatorPage.selectANumber(CalculatorPage.java:49)
	at com.calculator.testSteps.CalculatorSteps.i_perform_substraction(CalculatorSteps.java:45)
	at ?.When i perform substraction(src/test/java/com/calculator/tests/calculatorTest.feature:22)
</pre></div>
					</li>
					<li test-id='29' class='node then skip' status='skip'><b>Then</b>
						<span class="bdd-step-name">Then substraction result displayed correctly</span>
							<div class='pre'>skipped</div>
					</li>
				</ul>
		</li>
	</ul>
</div>
<div class='scenariooutline node' test-id='30' status='fail'>
	<span class='duration right label'>0h 0m 0s+30ms</span>
	<div class='desc'>
		<b>ScenarioOutline</b>
		<span class="desc-text">multiplication of two number completed correctly</span>
	</div>
	<ul class='steps'>
		<li test-id='31' class='node scenario fail' status='fail'>
			
			<b>Scenario</b>
			
			<span class="bdd-step-name">multiplication of two number completed correctly</span>
			
				<ul class='steps'>
					<li test-id='32' class='node given pass' status='pass'><b>Given</b>
						<span class="bdd-step-name">Given calculator app is up and running</span>
							<div class='pre'>passed</div>
					</li>
					<li test-id='33' class='node given pass' status='pass'><b>Given</b>
						<span class="bdd-step-name">Given I want perfrom mathematical operation with "2"</span>
							<div class='pre'>passed</div>
					</li>
					<li test-id='34' class='node and pass' status='pass'><b>And</b>
						<span class="bdd-step-name">And I want perfrom mathematical operation with "3"</span>
							<div class='pre'>passed</div>
					</li>
					<li test-id='35' class='node when fail' status='fail'><b>When</b>
						<span class="bdd-step-name">When i perform multiplication</span>
							<div class='pre'><pre>java.lang.NullPointerException
	at org.openqa.selenium.support.pagefactory.DefaultElementLocator.findElements(DefaultElementLocator.java:85)
	at org.openqa.selenium.support.pagefactory.internal.LocatingElementListHandler.invoke(LocatingElementListHandler.java:36)
	at com.sun.proxy.$Proxy18.size(Unknown Source)
	at com.calculator.pages.CalculatorPage.lambda$1(CalculatorPage.java:52)
	at java.util.stream.ForEachOps$ForEachOp$OfRef.accept(Unknown Source)
	at java.util.stream.IntPipeline$4$1.accept(Unknown Source)
	at java.lang.CharSequence$1CharIterator.forEachRemaining(Unknown Source)
	at java.util.Spliterators$IntIteratorSpliterator.forEachRemaining(Unknown Source)
	at java.util.Spliterator$OfInt.forEachRemaining(Unknown Source)
	at java.util.stream.AbstractPipeline.copyInto(Unknown Source)
	at java.util.stream.AbstractPipeline.wrapAndCopyInto(Unknown Source)
	at java.util.stream.ForEachOps$ForEachOp.evaluateSequential(Unknown Source)
	at java.util.stream.ForEachOps$ForEachOp$OfRef.evaluateSequential(Unknown Source)
	at java.util.stream.AbstractPipeline.evaluate(Unknown Source)
	at java.util.stream.ReferencePipeline.forEach(Unknown Source)
	at com.calculator.pages.CalculatorPage.selectANumber(CalculatorPage.java:49)
	at com.calculator.testSteps.CalculatorSteps.i_perform_multiplication(CalculatorSteps.java:63)
	at ?.When i perform multiplication(src/test/java/com/calculator/tests/calculatorTest.feature:33)
</pre></div>
					</li>
					<li test-id='36' class='node then skip' status='skip'><b>Then</b>
						<span class="bdd-step-name">Then multiplication result displayed correctly</span>
							<div class='pre'>skipped</div>
					</li>
				</ul>
		</li>
		<li test-id='37' class='node scenario fail' status='fail'>
			
			<b>Scenario</b>
			
			<span class="bdd-step-name">multiplication of two number completed correctly</span>
			
				<ul class='steps'>
					<li test-id='38' class='node given pass' status='pass'><b>Given</b>
						<span class="bdd-step-name">Given calculator app is up and running</span>
							<div class='pre'>passed</div>
					</li>
					<li test-id='39' class='node given pass' status='pass'><b>Given</b>
						<span class="bdd-step-name">Given I want perfrom mathematical operation with "2"</span>
							<div class='pre'>passed</div>
					</li>
					<li test-id='40' class='node and pass' status='pass'><b>And</b>
						<span class="bdd-step-name">And I want perfrom mathematical operation with "3"</span>
							<div class='pre'>passed</div>
					</li>
					<li test-id='41' class='node when fail' status='fail'><b>When</b>
						<span class="bdd-step-name">When i perform multiplication</span>
							<div class='pre'><pre>java.lang.NullPointerException
	at org.openqa.selenium.support.pagefactory.DefaultElementLocator.findElements(DefaultElementLocator.java:85)
	at org.openqa.selenium.support.pagefactory.internal.LocatingElementListHandler.invoke(LocatingElementListHandler.java:36)
	at com.sun.proxy.$Proxy18.size(Unknown Source)
	at com.calculator.pages.CalculatorPage.lambda$1(CalculatorPage.java:52)
	at java.util.stream.ForEachOps$ForEachOp$OfRef.accept(Unknown Source)
	at java.util.stream.IntPipeline$4$1.accept(Unknown Source)
	at java.lang.CharSequence$1CharIterator.forEachRemaining(Unknown Source)
	at java.util.Spliterators$IntIteratorSpliterator.forEachRemaining(Unknown Source)
	at java.util.Spliterator$OfInt.forEachRemaining(Unknown Source)
	at java.util.stream.AbstractPipeline.copyInto(Unknown Source)
	at java.util.stream.AbstractPipeline.wrapAndCopyInto(Unknown Source)
	at java.util.stream.ForEachOps$ForEachOp.evaluateSequential(Unknown Source)
	at java.util.stream.ForEachOps$ForEachOp$OfRef.evaluateSequential(Unknown Source)
	at java.util.stream.AbstractPipeline.evaluate(Unknown Source)
	at java.util.stream.ReferencePipeline.forEach(Unknown Source)
	at com.calculator.pages.CalculatorPage.selectANumber(CalculatorPage.java:49)
	at com.calculator.testSteps.CalculatorSteps.i_perform_multiplication(CalculatorSteps.java:63)
	at ?.When i perform multiplication(src/test/java/com/calculator/tests/calculatorTest.feature:33)
</pre></div>
					</li>
					<li test-id='42' class='node then skip' status='skip'><b>Then</b>
						<span class="bdd-step-name">Then multiplication result displayed correctly</span>
							<div class='pre'>skipped</div>
					</li>
				</ul>
		</li>
	</ul>
</div>
<div class='scenariooutline node' test-id='43' status='fail'>
	<span class='duration right label'>0h 0m 0s+38ms</span>
	<div class='desc'>
		<b>ScenarioOutline</b>
		<span class="desc-text">division of two number completed correctly</span>
	</div>
	<ul class='steps'>
		<li test-id='44' class='node scenario fail' status='fail'>
			
			<b>Scenario</b>
			
			<span class="bdd-step-name">division of two number completed correctly</span>
			
				<ul class='steps'>
					<li test-id='45' class='node given pass' status='pass'><b>Given</b>
						<span class="bdd-step-name">Given calculator app is up and running</span>
							<div class='pre'>passed</div>
					</li>
					<li test-id='46' class='node given pass' status='pass'><b>Given</b>
						<span class="bdd-step-name">Given I want perfrom mathematical operation with "2"</span>
							<div class='pre'>passed</div>
					</li>
					<li test-id='47' class='node and pass' status='pass'><b>And</b>
						<span class="bdd-step-name">And I want perfrom mathematical operation with "3"</span>
							<div class='pre'>passed</div>
					</li>
					<li test-id='48' class='node when fail' status='fail'><b>When</b>
						<span class="bdd-step-name">When i perform division</span>
							<div class='pre'><pre>java.lang.NullPointerException
	at org.openqa.selenium.support.pagefactory.DefaultElementLocator.findElements(DefaultElementLocator.java:85)
	at org.openqa.selenium.support.pagefactory.internal.LocatingElementListHandler.invoke(LocatingElementListHandler.java:36)
	at com.sun.proxy.$Proxy18.size(Unknown Source)
	at com.calculator.pages.CalculatorPage.lambda$1(CalculatorPage.java:52)
	at java.util.stream.ForEachOps$ForEachOp$OfRef.accept(Unknown Source)
	at java.util.stream.IntPipeline$4$1.accept(Unknown Source)
	at java.lang.CharSequence$1CharIterator.forEachRemaining(Unknown Source)
	at java.util.Spliterators$IntIteratorSpliterator.forEachRemaining(Unknown Source)
	at java.util.Spliterator$OfInt.forEachRemaining(Unknown Source)
	at java.util.stream.AbstractPipeline.copyInto(Unknown Source)
	at java.util.stream.AbstractPipeline.wrapAndCopyInto(Unknown Source)
	at java.util.stream.ForEachOps$ForEachOp.evaluateSequential(Unknown Source)
	at java.util.stream.ForEachOps$ForEachOp$OfRef.evaluateSequential(Unknown Source)
	at java.util.stream.AbstractPipeline.evaluate(Unknown Source)
	at java.util.stream.ReferencePipeline.forEach(Unknown Source)
	at com.calculator.pages.CalculatorPage.selectANumber(CalculatorPage.java:49)
	at com.calculator.testSteps.CalculatorSteps.i_perform_division(CalculatorSteps.java:54)
	at ?.When i perform division(src/test/java/com/calculator/tests/calculatorTest.feature:44)
</pre></div>
					</li>
					<li test-id='49' class='node then skip' status='skip'><b>Then</b>
						<span class="bdd-step-name">Then multiplication result displayed correctly</span>
							<div class='pre'>skipped</div>
					</li>
				</ul>
		</li>
		<li test-id='50' class='node scenario fail' status='fail'>
			
			<b>Scenario</b>
			
			<span class="bdd-step-name">division of two number completed correctly</span>
			
				<ul class='steps'>
					<li test-id='51' class='node given pass' status='pass'><b>Given</b>
						<span class="bdd-step-name">Given calculator app is up and running</span>
							<div class='pre'>passed</div>
					</li>
					<li test-id='52' class='node given pass' status='pass'><b>Given</b>
						<span class="bdd-step-name">Given I want perfrom mathematical operation with "2"</span>
							<div class='pre'>passed</div>
					</li>
					<li test-id='53' class='node and pass' status='pass'><b>And</b>
						<span class="bdd-step-name">And I want perfrom mathematical operation with "3"</span>
							<div class='pre'>passed</div>
					</li>
					<li test-id='54' class='node when fail' status='fail'><b>When</b>
						<span class="bdd-step-name">When i perform division</span>
							<div class='pre'><pre>java.lang.NullPointerException
	at org.openqa.selenium.support.pagefactory.DefaultElementLocator.findElements(DefaultElementLocator.java:85)
	at org.openqa.selenium.support.pagefactory.internal.LocatingElementListHandler.invoke(LocatingElementListHandler.java:36)
	at com.sun.proxy.$Proxy18.size(Unknown Source)
	at com.calculator.pages.CalculatorPage.lambda$1(CalculatorPage.java:52)
	at java.util.stream.ForEachOps$ForEachOp$OfRef.accept(Unknown Source)
	at java.util.stream.IntPipeline$4$1.accept(Unknown Source)
	at java.lang.CharSequence$1CharIterator.forEachRemaining(Unknown Source)
	at java.util.Spliterators$IntIteratorSpliterator.forEachRemaining(Unknown Source)
	at java.util.Spliterator$OfInt.forEachRemaining(Unknown Source)
	at java.util.stream.AbstractPipeline.copyInto(Unknown Source)
	at java.util.stream.AbstractPipeline.wrapAndCopyInto(Unknown Source)
	at java.util.stream.ForEachOps$ForEachOp.evaluateSequential(Unknown Source)
	at java.util.stream.ForEachOps$ForEachOp$OfRef.evaluateSequential(Unknown Source)
	at java.util.stream.AbstractPipeline.evaluate(Unknown Source)
	at java.util.stream.ReferencePipeline.forEach(Unknown Source)
	at com.calculator.pages.CalculatorPage.selectANumber(CalculatorPage.java:49)
	at com.calculator.testSteps.CalculatorSteps.i_perform_division(CalculatorSteps.java:54)
	at ?.When i perform division(src/test/java/com/calculator/tests/calculatorTest.feature:44)
</pre></div>
					</li>
					<li test-id='55' class='node then skip' status='skip'><b>Then</b>
						<span class="bdd-step-name">Then multiplication result displayed correctly</span>
							<div class='pre'>skipped</div>
					</li>
				</ul>
		</li>
	</ul>
</div>
<div class='scenariooutline node' test-id='56' status='fail'>
	<span class='duration right label'>0h 0m 0s+25ms</span>
	<div class='desc'>
		<b>ScenarioOutline</b>
		<span class="desc-text">division of number By zero</span>
	</div>
	<ul class='steps'>
		<li test-id='57' class='node scenario fail' status='fail'>
			
			<b>Scenario</b>
			
			<span class="bdd-step-name">division of number By zero</span>
			
				<ul class='steps'>
					<li test-id='58' class='node given pass' status='pass'><b>Given</b>
						<span class="bdd-step-name">Given calculator app is up and running</span>
							<div class='pre'>passed</div>
					</li>
					<li test-id='59' class='node given pass' status='pass'><b>Given</b>
						<span class="bdd-step-name">Given I want perfrom mathematical operation with "5"</span>
							<div class='pre'>passed</div>
					</li>
					<li test-id='60' class='node and pass' status='pass'><b>And</b>
						<span class="bdd-step-name">And I want perfrom mathematical operation with "0"</span>
							<div class='pre'>passed</div>
					</li>
					<li test-id='61' class='node when fail' status='fail'><b>When</b>
						<span class="bdd-step-name">When i perform division</span>
							<div class='pre'><pre>java.lang.NullPointerException
	at org.openqa.selenium.support.pagefactory.DefaultElementLocator.findElements(DefaultElementLocator.java:85)
	at org.openqa.selenium.support.pagefactory.internal.LocatingElementListHandler.invoke(LocatingElementListHandler.java:36)
	at com.sun.proxy.$Proxy18.size(Unknown Source)
	at com.calculator.pages.CalculatorPage.lambda$1(CalculatorPage.java:52)
	at java.util.stream.ForEachOps$ForEachOp$OfRef.accept(Unknown Source)
	at java.util.stream.IntPipeline$4$1.accept(Unknown Source)
	at java.lang.CharSequence$1CharIterator.forEachRemaining(Unknown Source)
	at java.util.Spliterators$IntIteratorSpliterator.forEachRemaining(Unknown Source)
	at java.util.Spliterator$OfInt.forEachRemaining(Unknown Source)
	at java.util.stream.AbstractPipeline.copyInto(Unknown Source)
	at java.util.stream.AbstractPipeline.wrapAndCopyInto(Unknown Source)
	at java.util.stream.ForEachOps$ForEachOp.evaluateSequential(Unknown Source)
	at java.util.stream.ForEachOps$ForEachOp$OfRef.evaluateSequential(Unknown Source)
	at java.util.stream.AbstractPipeline.evaluate(Unknown Source)
	at java.util.stream.ReferencePipeline.forEach(Unknown Source)
	at com.calculator.pages.CalculatorPage.selectANumber(CalculatorPage.java:49)
	at com.calculator.testSteps.CalculatorSteps.i_perform_division(CalculatorSteps.java:54)
	at ?.When i perform division(src/test/java/com/calculator/tests/calculatorTest.feature:55)
</pre></div>
					</li>
					<li test-id='62' class='node then skip' status='skip'><b>Then</b>
						<span class="bdd-step-name">Then verify "Error" displayed</span>
							<div class='pre'>skipped</div>
					</li>
				</ul>
		</li>
	</ul>
</div>
					</div>
				</li>
			</ul>
		</div>
	</div>
	<!-- subview left -->

	<div class='subview-right left'>
		<div class='view-summary'>
			<h5 class='test-name'></h5>

			<div id='step-filters' class="right">
				<span class="blue-text" status="info" alt="info" title="info"><i class="material-icons">info_outline</i></span>
				<span class="green-text" status="pass" alt="pass" title="pass"><i class="material-icons">check_circle</i></span>
				<span class="red-text" status="fail" alt="fail" title="fail"><i class="material-icons">cancel</i></span>
				<span class="red-text text-darken-4" status="fatal" alt="fatal" title="fatal"><i class="material-icons">cancel</i></span>
				<span class="pink-text text-lighten-1" status="error" alt="error" title="error"><i class="material-icons">error</i></span>
				<span class="orange-text" alt="warning" status="warning" title="warning"><i class="material-icons">warning</i></span>
				<span class="teal-text" status="skip" alt="skip" title="skip"><i class="material-icons">redo</i></span>
				<span status="clear" alt="Clear filters" title="Clear filters"><i class="material-icons">clear</i></span>
			</div>
		</div>
	</div>
	<!-- subview right -->

</div>
<!-- test view -->
<!-- category view -->
<div id='exception-view' class='view hide'>

    <section id='controls'>
        <div class='controls grey lighten-4'>
            <!-- search -->
            <div class='chip transparent' alt='Search Tests' title='Search Tests'>
                <a href="#" class='search-div'>
                    <i class='material-icons'>search</i> Search
                </a>

                <div class='input-field left hide'>
                    <input id='search-tests' type='text' class='validate browser-default' placeholder='Search Tests...'>
                </div>

            </div>
            <!-- search -->
        </div>
    </section>

    <div class='subview-left left'>

        <div class='view-summary'>
            <h5>Exceptions</h3>
                <ul id='exception-collection' class='exception-collection'>

                        <li class='exception displayed active'>
                            <div class='exception-heading'>
                                <span class='exception-name'>org.openqa.selenium.InvalidArgumentException</span>
                                <span class='exception-count right'><span class='label red lighten-1 white-text'>1</span></span>
                            </div>
                            <div class='exception-content hide'>
                                <div class='exception-tests'>
                                    <table class='bordered table-results'>
                                        <thead>
                                        <tr>
                                            <th>Timestamp</th>
                                            <th>TestName</th>
                                            <th>Status</th>
                                        </tr>
                                        </thead>
                                        <tbody>
                                                    <tr>
                                                        <td>Nov 11, 2021 08:46:04 AM</td>
                                                        <td class='linked' test-id='4'>Calculator Functional Test.Addition of two number completed correctly.Addition of two number completed correctly.Given calculator app is up and running</td>
                                                        <td><pre><pre>org.openqa.selenium.InvalidArgumentException: invalid argument
  (Session info: chrome=95.0.4638.69)
Build info: version: '3.141.59', revision: 'e82be7d358', time: '2018-11-14T08:17:03'
System info: host: 'LAPTOP-NQ28SJGQ', ip: '172.27.96.1', os.name: 'Windows 10', os.arch: 'amd64', os.version: '10.0', java.version: '1.8.0_251'
Driver info: org.openqa.selenium.chrome.ChromeDriver
Capabilities {acceptInsecureCerts: false, browserName: chrome, browserVersion: 95.0.4638.69, chrome: {chromedriverVersion: 95.0.4638.69 (6a1600ed572fe..., userDataDir: C:\Users\mrman\AppData\Loca...}, goog:chromeOptions: {debuggerAddress: localhost:64190}, javascriptEnabled: true, networkConnectionEnabled: false, pageLoadStrategy: normal, platform: WINDOWS, platformName: WINDOWS, proxy: Proxy(), setWindowRect: true, strictFileInteractability: false, timeouts: {implicit: 0, pageLoad: 300000, script: 30000}, unhandledPromptBehavior: dismiss and notify, webauthn:extension:credBlob: true, webauthn:extension:largeBlob: true, webauthn:virtualAuthenticators: true}
Session ID: 6eba5dc5e322bd834f917f267855c2b4
	at sun.reflect.NativeConstructorAccessorImpl.newInstance0(Native Method)
	at sun.reflect.NativeConstructorAccessorImpl.newInstance(Unknown Source)
	at sun.reflect.DelegatingConstructorAccessorImpl.newInstance(Unknown Source)
	at java.lang.reflect.Constructor.newInstance(Unknown Source)
	at org.openqa.selenium.remote.http.W3CHttpResponseCodec.createException(W3CHttpResponseCodec.java:187)
	at org.openqa.selenium.remote.http.W3CHttpResponseCodec.decode(W3CHttpResponseCodec.java:122)
	at org.openqa.selenium.remote.http.W3CHttpResponseCodec.decode(W3CHttpResponseCodec.java:49)
	at org.openqa.selenium.remote.HttpCommandExecutor.execute(HttpCommandExecutor.java:158)
	at org.openqa.selenium.remote.service.DriverCommandExecutor.execute(DriverCommandExecutor.java:83)
	at org.openqa.selenium.remote.RemoteWebDriver.execute(RemoteWebDriver.java:552)
	at org.openqa.selenium.remote.RemoteWebDriver.get(RemoteWebDriver.java:277)
	at sun.reflect.NativeMethodAccessorImpl.invoke0(Native Method)
	at sun.reflect.NativeMethodAccessorImpl.invoke(Unknown Source)
	at sun.reflect.DelegatingMethodAccessorImpl.invoke(Unknown Source)
	at java.lang.reflect.Method.invoke(Unknown Source)
	at org.openqa.selenium.support.events.EventFiringWebDriver.lambda$new$1(EventFiringWebDriver.java:105)
	at com.sun.proxy.$Proxy20.get(Unknown Source)
	at org.openqa.selenium.support.events.EventFiringWebDriver.get(EventFiringWebDriver.java:165)
	at com.calculator.testBase.TestBase.initialization(TestBase.java:87)
	at com.calculator.testSteps.CalculatorSteps.calculator_app_is_up_and_running(CalculatorSteps.java:24)
	at ?.Given calculator app is up and running(src/test/java/com/calculator/tests/calculatorTest.feature:5)
</pre></pre></td>
                                                    </tr>
                                        </tbody>
                                    </table>
                                </div>
                            </div>
                        </li>
                        <li class='exception displayed active'>
                            <div class='exception-heading'>
                                <span class='exception-name'>java.lang.NullPointerException</span>
                                <span class='exception-count right'><span class='label red lighten-1 white-text'>8</span></span>
                            </div>
                            <div class='exception-content hide'>
                                <div class='exception-tests'>
                                    <table class='bordered table-results'>
                                        <thead>
                                        <tr>
                                            <th>Timestamp</th>
                                            <th>TestName</th>
                                            <th>Status</th>
                                        </tr>
                                        </thead>
                                        <tbody>
                                                    <tr>
                                                        <td>Nov 11, 2021 08:46:08 AM</td>
                                                        <td class='linked' test-id='13'>Calculator Functional Test.Addition of two number completed correctly.Addition of two number completed correctly.When i perform addition</td>
                                                        <td><pre><pre>java.lang.NullPointerException
	at org.openqa.selenium.support.pagefactory.DefaultElementLocator.findElements(DefaultElementLocator.java:85)
	at org.openqa.selenium.support.pagefactory.internal.LocatingElementListHandler.invoke(LocatingElementListHandler.java:36)
	at com.sun.proxy.$Proxy18.size(Unknown Source)
	at com.calculator.pages.CalculatorPage.lambda$1(CalculatorPage.java:52)
	at java.util.stream.ForEachOps$ForEachOp$OfRef.accept(Unknown Source)
	at java.util.stream.IntPipeline$4$1.accept(Unknown Source)
	at java.lang.CharSequence$1CharIterator.forEachRemaining(Unknown Source)
	at java.util.Spliterators$IntIteratorSpliterator.forEachRemaining(Unknown Source)
	at java.util.Spliterator$OfInt.forEachRemaining(Unknown Source)
	at java.util.stream.AbstractPipeline.copyInto(Unknown Source)
	at java.util.stream.AbstractPipeline.wrapAndCopyInto(Unknown Source)
	at java.util.stream.ForEachOps$ForEachOp.evaluateSequential(Unknown Source)
	at java.util.stream.ForEachOps$ForEachOp$OfRef.evaluateSequential(Unknown Source)
	at java.util.stream.AbstractPipeline.evaluate(Unknown Source)
	at java.util.stream.ReferencePipeline.forEach(Unknown Source)
	at com.calculator.pages.CalculatorPage.selectANumber(CalculatorPage.java:49)
	at com.calculator.testSteps.CalculatorSteps.i_perform_addition(CalculatorSteps.java:35)
	at ?.When i perform addition(src/test/java/com/calculator/tests/calculatorTest.feature:10)
</pre></pre></td>
                                                    </tr>
                                                    <tr>
                                                        <td>Nov 11, 2021 08:46:08 AM</td>
                                                        <td class='linked' test-id='21'>Calculator Functional Test.substraction of two number completed correctly.substraction of two number completed correctly.When i perform substraction</td>
                                                        <td><pre><pre>java.lang.NullPointerException
	at org.openqa.selenium.support.pagefactory.DefaultElementLocator.findElements(DefaultElementLocator.java:85)
	at org.openqa.selenium.support.pagefactory.internal.LocatingElementListHandler.invoke(LocatingElementListHandler.java:36)
	at com.sun.proxy.$Proxy18.size(Unknown Source)
	at com.calculator.pages.CalculatorPage.lambda$1(CalculatorPage.java:52)
	at java.util.stream.ForEachOps$ForEachOp$OfRef.accept(Unknown Source)
	at java.util.stream.IntPipeline$4$1.accept(Unknown Source)
	at java.lang.CharSequence$1CharIterator.forEachRemaining(Unknown Source)
	at java.util.Spliterators$IntIteratorSpliterator.forEachRemaining(Unknown Source)
	at java.util.Spliterator$OfInt.forEachRemaining(Unknown Source)
	at java.util.stream.AbstractPipeline.copyInto(Unknown Source)
	at java.util.stream.AbstractPipeline.wrapAndCopyInto(Unknown Source)
	at java.util.stream.ForEachOps$ForEachOp.evaluateSequential(Unknown Source)
	at java.util.stream.ForEachOps$ForEachOp$OfRef.evaluateSequential(Unknown Source)
	at java.util.stream.AbstractPipeline.evaluate(Unknown Source)
	at java.util.stream.ReferencePipeline.forEach(Unknown Source)
	at com.calculator.pages.CalculatorPage.selectANumber(CalculatorPage.java:49)
	at com.calculator.testSteps.CalculatorSteps.i_perform_substraction(CalculatorSteps.java:45)
	at ?.When i perform substraction(src/test/java/com/calculator/tests/calculatorTest.feature:22)
</pre></pre></td>
                                                    </tr>
                                                    <tr>
                                                        <td>Nov 11, 2021 08:46:08 AM</td>
                                                        <td class='linked' test-id='28'>Calculator Functional Test.substraction of two number completed correctly.substraction of two number completed correctly.When i perform substraction</td>
                                                        <td><pre><pre>java.lang.NullPointerException
	at org.openqa.selenium.support.pagefactory.DefaultElementLocator.findElements(DefaultElementLocator.java:85)
	at org.openqa.selenium.support.pagefactory.internal.LocatingElementListHandler.invoke(LocatingElementListHandler.java:36)
	at com.sun.proxy.$Proxy18.size(Unknown Source)
	at com.calculator.pages.CalculatorPage.lambda$1(CalculatorPage.java:52)
	at java.util.stream.ForEachOps$ForEachOp$OfRef.accept(Unknown Source)
	at java.util.stream.IntPipeline$4$1.accept(Unknown Source)
	at java.lang.CharSequence$1CharIterator.forEachRemaining(Unknown Source)
	at java.util.Spliterators$IntIteratorSpliterator.forEachRemaining(Unknown Source)
	at java.util.Spliterator$OfInt.forEachRemaining(Unknown Source)
	at java.util.stream.AbstractPipeline.copyInto(Unknown Source)
	at java.util.stream.AbstractPipeline.wrapAndCopyInto(Unknown Source)
	at java.util.stream.ForEachOps$ForEachOp.evaluateSequential(Unknown Source)
	at java.util.stream.ForEachOps$ForEachOp$OfRef.evaluateSequential(Unknown Source)
	at java.util.stream.AbstractPipeline.evaluate(Unknown Source)
	at java.util.stream.ReferencePipeline.forEach(Unknown Source)
	at com.calculator.pages.CalculatorPage.selectANumber(CalculatorPage.java:49)
	at com.calculator.testSteps.CalculatorSteps.i_perform_substraction(CalculatorSteps.java:45)
	at ?.When i perform substraction(src/test/java/com/calculator/tests/calculatorTest.feature:22)
</pre></pre></td>
                                                    </tr>
                                                    <tr>
                                                        <td>Nov 11, 2021 08:46:08 AM</td>
                                                        <td class='linked' test-id='35'>Calculator Functional Test.multiplication of two number completed correctly.multiplication of two number completed correctly.When i perform multiplication</td>
                                                        <td><pre><pre>java.lang.NullPointerException
	at org.openqa.selenium.support.pagefactory.DefaultElementLocator.findElements(DefaultElementLocator.java:85)
	at org.openqa.selenium.support.pagefactory.internal.LocatingElementListHandler.invoke(LocatingElementListHandler.java:36)
	at com.sun.proxy.$Proxy18.size(Unknown Source)
	at com.calculator.pages.CalculatorPage.lambda$1(CalculatorPage.java:52)
	at java.util.stream.ForEachOps$ForEachOp$OfRef.accept(Unknown Source)
	at java.util.stream.IntPipeline$4$1.accept(Unknown Source)
	at java.lang.CharSequence$1CharIterator.forEachRemaining(Unknown Source)
	at java.util.Spliterators$IntIteratorSpliterator.forEachRemaining(Unknown Source)
	at java.util.Spliterator$OfInt.forEachRemaining(Unknown Source)
	at java.util.stream.AbstractPipeline.copyInto(Unknown Source)
	at java.util.stream.AbstractPipeline.wrapAndCopyInto(Unknown Source)
	at java.util.stream.ForEachOps$ForEachOp.evaluateSequential(Unknown Source)
	at java.util.stream.ForEachOps$ForEachOp$OfRef.evaluateSequential(Unknown Source)
	at java.util.stream.AbstractPipeline.evaluate(Unknown Source)
	at java.util.stream.ReferencePipeline.forEach(Unknown Source)
	at com.calculator.pages.CalculatorPage.selectANumber(CalculatorPage.java:49)
	at com.calculator.testSteps.CalculatorSteps.i_perform_multiplication(CalculatorSteps.java:63)
	at ?.When i perform multiplication(src/test/java/com/calculator/tests/calculatorTest.feature:33)
</pre></pre></td>
                                                    </tr>
                                                    <tr>
                                                        <td>Nov 11, 2021 08:46:08 AM</td>
                                                        <td class='linked' test-id='41'>Calculator Functional Test.multiplication of two number completed correctly.multiplication of two number completed correctly.When i perform multiplication</td>
                                                        <td><pre><pre>java.lang.NullPointerException
	at org.openqa.selenium.support.pagefactory.DefaultElementLocator.findElements(DefaultElementLocator.java:85)
	at org.openqa.selenium.support.pagefactory.internal.LocatingElementListHandler.invoke(LocatingElementListHandler.java:36)
	at com.sun.proxy.$Proxy18.size(Unknown Source)
	at com.calculator.pages.CalculatorPage.lambda$1(CalculatorPage.java:52)
	at java.util.stream.ForEachOps$ForEachOp$OfRef.accept(Unknown Source)
	at java.util.stream.IntPipeline$4$1.accept(Unknown Source)
	at java.lang.CharSequence$1CharIterator.forEachRemaining(Unknown Source)
	at java.util.Spliterators$IntIteratorSpliterator.forEachRemaining(Unknown Source)
	at java.util.Spliterator$OfInt.forEachRemaining(Unknown Source)
	at java.util.stream.AbstractPipeline.copyInto(Unknown Source)
	at java.util.stream.AbstractPipeline.wrapAndCopyInto(Unknown Source)
	at java.util.stream.ForEachOps$ForEachOp.evaluateSequential(Unknown Source)
	at java.util.stream.ForEachOps$ForEachOp$OfRef.evaluateSequential(Unknown Source)
	at java.util.stream.AbstractPipeline.evaluate(Unknown Source)
	at java.util.stream.ReferencePipeline.forEach(Unknown Source)
	at com.calculator.pages.CalculatorPage.selectANumber(CalculatorPage.java:49)
	at com.calculator.testSteps.CalculatorSteps.i_perform_multiplication(CalculatorSteps.java:63)
	at ?.When i perform multiplication(src/test/java/com/calculator/tests/calculatorTest.feature:33)
</pre></pre></td>
                                                    </tr>
                                                    <tr>
                                                        <td>Nov 11, 2021 08:46:08 AM</td>
                                                        <td class='linked' test-id='48'>Calculator Functional Test.division of two number completed correctly.division of two number completed correctly.When i perform division</td>
                                                        <td><pre><pre>java.lang.NullPointerException
	at org.openqa.selenium.support.pagefactory.DefaultElementLocator.findElements(DefaultElementLocator.java:85)
	at org.openqa.selenium.support.pagefactory.internal.LocatingElementListHandler.invoke(LocatingElementListHandler.java:36)
	at com.sun.proxy.$Proxy18.size(Unknown Source)
	at com.calculator.pages.CalculatorPage.lambda$1(CalculatorPage.java:52)
	at java.util.stream.ForEachOps$ForEachOp$OfRef.accept(Unknown Source)
	at java.util.stream.IntPipeline$4$1.accept(Unknown Source)
	at java.lang.CharSequence$1CharIterator.forEachRemaining(Unknown Source)
	at java.util.Spliterators$IntIteratorSpliterator.forEachRemaining(Unknown Source)
	at java.util.Spliterator$OfInt.forEachRemaining(Unknown Source)
	at java.util.stream.AbstractPipeline.copyInto(Unknown Source)
	at java.util.stream.AbstractPipeline.wrapAndCopyInto(Unknown Source)
	at java.util.stream.ForEachOps$ForEachOp.evaluateSequential(Unknown Source)
	at java.util.stream.ForEachOps$ForEachOp$OfRef.evaluateSequential(Unknown Source)
	at java.util.stream.AbstractPipeline.evaluate(Unknown Source)
	at java.util.stream.ReferencePipeline.forEach(Unknown Source)
	at com.calculator.pages.CalculatorPage.selectANumber(CalculatorPage.java:49)
	at com.calculator.testSteps.CalculatorSteps.i_perform_division(CalculatorSteps.java:54)
	at ?.When i perform division(src/test/java/com/calculator/tests/calculatorTest.feature:44)
</pre></pre></td>
                                                    </tr>
                                                    <tr>
                                                        <td>Nov 11, 2021 08:46:08 AM</td>
                                                        <td class='linked' test-id='54'>Calculator Functional Test.division of two number completed correctly.division of two number completed correctly.When i perform division</td>
                                                        <td><pre><pre>java.lang.NullPointerException
	at org.openqa.selenium.support.pagefactory.DefaultElementLocator.findElements(DefaultElementLocator.java:85)
	at org.openqa.selenium.support.pagefactory.internal.LocatingElementListHandler.invoke(LocatingElementListHandler.java:36)
	at com.sun.proxy.$Proxy18.size(Unknown Source)
	at com.calculator.pages.CalculatorPage.lambda$1(CalculatorPage.java:52)
	at java.util.stream.ForEachOps$ForEachOp$OfRef.accept(Unknown Source)
	at java.util.stream.IntPipeline$4$1.accept(Unknown Source)
	at java.lang.CharSequence$1CharIterator.forEachRemaining(Unknown Source)
	at java.util.Spliterators$IntIteratorSpliterator.forEachRemaining(Unknown Source)
	at java.util.Spliterator$OfInt.forEachRemaining(Unknown Source)
	at java.util.stream.AbstractPipeline.copyInto(Unknown Source)
	at java.util.stream.AbstractPipeline.wrapAndCopyInto(Unknown Source)
	at java.util.stream.ForEachOps$ForEachOp.evaluateSequential(Unknown Source)
	at java.util.stream.ForEachOps$ForEachOp$OfRef.evaluateSequential(Unknown Source)
	at java.util.stream.AbstractPipeline.evaluate(Unknown Source)
	at java.util.stream.ReferencePipeline.forEach(Unknown Source)
	at com.calculator.pages.CalculatorPage.selectANumber(CalculatorPage.java:49)
	at com.calculator.testSteps.CalculatorSteps.i_perform_division(CalculatorSteps.java:54)
	at ?.When i perform division(src/test/java/com/calculator/tests/calculatorTest.feature:44)
</pre></pre></td>
                                                    </tr>
                                                    <tr>
                                                        <td>Nov 11, 2021 08:46:08 AM</td>
                                                        <td class='linked' test-id='61'>Calculator Functional Test.division of number By zero.division of number By zero.When i perform division</td>
                                                        <td><pre><pre>java.lang.NullPointerException
	at org.openqa.selenium.support.pagefactory.DefaultElementLocator.findElements(DefaultElementLocator.java:85)
	at org.openqa.selenium.support.pagefactory.internal.LocatingElementListHandler.invoke(LocatingElementListHandler.java:36)
	at com.sun.proxy.$Proxy18.size(Unknown Source)
	at com.calculator.pages.CalculatorPage.lambda$1(CalculatorPage.java:52)
	at java.util.stream.ForEachOps$ForEachOp$OfRef.accept(Unknown Source)
	at java.util.stream.IntPipeline$4$1.accept(Unknown Source)
	at java.lang.CharSequence$1CharIterator.forEachRemaining(Unknown Source)
	at java.util.Spliterators$IntIteratorSpliterator.forEachRemaining(Unknown Source)
	at java.util.Spliterator$OfInt.forEachRemaining(Unknown Source)
	at java.util.stream.AbstractPipeline.copyInto(Unknown Source)
	at java.util.stream.AbstractPipeline.wrapAndCopyInto(Unknown Source)
	at java.util.stream.ForEachOps$ForEachOp.evaluateSequential(Unknown Source)
	at java.util.stream.ForEachOps$ForEachOp$OfRef.evaluateSequential(Unknown Source)
	at java.util.stream.AbstractPipeline.evaluate(Unknown Source)
	at java.util.stream.ReferencePipeline.forEach(Unknown Source)
	at com.calculator.pages.CalculatorPage.selectANumber(CalculatorPage.java:49)
	at com.calculator.testSteps.CalculatorSteps.i_perform_division(CalculatorSteps.java:54)
	at ?.When i perform division(src/test/java/com/calculator/tests/calculatorTest.feature:55)
</pre></pre></td>
                                                    </tr>
                                        </tbody>
                                    </table>
                                </div>
                            </div>
                        </li>
                </ul>
        </div>
    </div>

    <div class='subview-right left'>
        <div class='view-summary'>
            <h5 class='exception-name'></h5>
        </div>
    </div>
</div>
<!-- exception view -->
<div id='dashboard-view' class='view hide'>
	<div class='card-panel transparent np-v'>
		<h5>Dashboard</h5>

		<div class='row'>
			<div class='col s2'>
				<div class='card-panel r'>
					Features
					<div class='panel-lead'>1</div>
				</div>
			</div>
			<div class='col s2'>
				<div class='card-panel r'>
					Scenarios
					<div class='panel-lead'>9</div>
				</div>
			</div>
			<div class='col s2'>
				<div class='card-panel r'>
					Steps
					<div class='panel-lead'>47</div>
				</div>
			</div>
			<div class='col s2'>
				<div class='card-panel r'>
					Start
					<div class='panel-lead'>Nov 11, 2021 08:46:04 AM</div>
				</div>
			</div>
			<div class='col s2'>
				<div class='card-panel r'>
			 		End
			 		<div class='panel-lead'>Nov 11, 2021 08:46:09 AM</div>
				</div>
			</div>
			<div class='col s2'>
				<div class='card-panel r'>
					Time Taken
					<div class='panel-lead'>5,109ms</div>
				</div>
			</div>
			<div class='col s4'>
				<div class='card-panel dashboard-environment'>
					<span class='right label cyan white-text'>Environment</span><p>&nbsp;</p>
					
					<table>
						<tr>
							<th>Name</th>
							<th>Value</th>
						</tr>
							<tr>
								<td>user</td>
								<td>mrman</td>
							</tr>
							<tr>
								<td>os</td>
								<td>Windows 10</td>
							</tr>
					</table>
				</div>
			</div>
		</div>
	</div>
</div>
<!-- dashboard view -->
<div id='testrunner-logs-view' class='view hide'>
	<div class='card-panel transparent np-v'>
		<h5>TestRunner Logs</h5>
		
		<div class='card-panel'>
				Sample test runner output message
		</div>
	</div>
</div>
<!-- testrunner-logs view -->
		</div>
		<!-- container -->

		<script>
			var statusGroup = {
				passParent: 0,
				failParent: 1,
				fatalParent: 0,
				errorParent: 0,
				warningParent: 0,
				skipParent: 0,
				exceptionsParent: 1,
				
				passChild: 0,
				failChild: 9,
				fatalChild: 0,
				errorChild: 0,
				warningChild: 0,
				skipChild: 0,
				infoChild: 0,
				exceptionsChild: 9,
				
				passGrandChild: 26,
				failGrandChild: 9,
				fatalGrandChild: 0,
				errorGrandChild: 0,
				warningGrandChild: 0,
				skipGrandChild: 12,
				infoGrandChild: 0,
				exceptionsGrandChild: 21,
			};
		</script>
		
			<script src='https://cdn.rawgit.com/anshooarora/extentreports-java/fca20fb7653aade98810546ab96a2a4360e3e712/dist/js/extent.js' type='text/javascript'></script>
		
		
 		<script type='text/javascript'>
 			
      
        $(document).ready(function() {
        
        });
      
		
 		</script>
	</body>
	
</html>
